<?xml version="1.0" encoding="UTF-8"?>
<testng-results ignored="0" total="2" passed="2" failed="0" skipped="0">
  <reporter-output>
    <line>
      <![CDATA[LoginPageElementsTest Started...]]>
    </line>
  </reporter-output>
  <suite started-at="2025-03-30T11:11:43 PDT" name="Default suite" finished-at="2025-03-30T11:11:51 PDT" duration-ms="7794">
    <groups>
    </groups>
    <test started-at="2025-03-30T11:11:43 PDT" name="Default test" finished-at="2025-03-30T11:11:51 PDT" duration-ms="7794">
      <class name="testcase.NinjaRMM_LoginTest">
        <test-method is-config="true" signature="setupReport()[pri:0, instance:testcase.NinjaRMM_LoginTest@26794848]" started-at="2025-03-30T11:11:43 PDT" name="setupReport" finished-at="2025-03-30T11:11:43 PDT" duration-ms="77" status="PASS">
          <reporter-output>
          </reporter-output>
        </test-method> <!-- setupReport -->
        <test-method is-config="true" signature="Setup()[pri:0, instance:testcase.NinjaRMM_LoginTest@26794848]" started-at="2025-03-30T11:11:43 PDT" name="Setup" finished-at="2025-03-30T11:11:46 PDT" duration-ms="2673" status="PASS">
          <reporter-output>
          </reporter-output>
        </test-method> <!-- Setup -->
        <test-method signature="LoginPageElementsTest()[pri:0, instance:testcase.NinjaRMM_LoginTest@26794848]" started-at="2025-03-30T11:11:46 PDT" name="LoginPageElementsTest" finished-at="2025-03-30T11:11:46 PDT" duration-ms="649" status="PASS">
          <reporter-output>
            <line>
              <![CDATA[LoginPageElementsTest Started...]]>
            </line>
          </reporter-output>
        </test-method> <!-- LoginPageElementsTest -->
        <test-method signature="LoginTest()[pri:0, instance:testcase.NinjaRMM_LoginTest@26794848]" started-at="2025-03-30T11:11:46 PDT" name="LoginTest" finished-at="2025-03-30T11:11:51 PDT" duration-ms="4352" status="PASS">
          <reporter-output>
          </reporter-output>
        </test-method> <!-- LoginTest -->
        <test-method is-config="true" signature="tearDown()[pri:0, instance:testcase.NinjaRMM_LoginTest@26794848]" started-at="2025-03-30T11:11:51 PDT" name="tearDown" finished-at="2025-03-30T11:11:51 PDT" duration-ms="110" status="PASS">
          <reporter-output>
          </reporter-output>
        </test-method> <!-- tearDown -->
        <test-method is-config="true" signature="flushReport()[pri:0, instance:testcase.NinjaRMM_LoginTest@26794848]" started-at="2025-03-30T11:11:51 PDT" name="flushReport" finished-at="2025-03-30T11:11:51 PDT" duration-ms="95" status="PASS">
          <reporter-output>
          </reporter-output>
        </test-method> <!-- flushReport -->
      </class> <!-- testcase.NinjaRMM_LoginTest -->
    </test> <!-- Default test -->
  </suite> <!-- Default suite -->
</testng-results>
